c:\users\meit\desktop\allinone\abddriver\abddriver\x64\release\vc143.pdb
c:\users\meit\desktop\allinone\abddriver\abddriver\x64\release\ioctlcomms.obj
c:\users\meit\desktop\allinone\abddriver\abddriver\x64\release\events.obj
c:\users\meit\desktop\allinone\abddriver\abddriver\x64\release\driver.obj
c:\users\meit\desktop\allinone\x64\release\abddriver\abddriver.cat
c:\users\meit\desktop\allinone\x64\release\abddriver.sys
c:\users\meit\desktop\allinone\x64\release\abddriver.pdb
c:\users\meit\desktop\allinone\abddriver\abddriver\x64\release\abddriver.inf
c:\users\meit\desktop\allinone\x64\release\abddriver.cer
c:\users\meit\desktop\allinone\x64\release\abddriver.inf
c:\users\meit\desktop\allinone\abddriver\abddriver\x64\release\abddriver.tlog\cl.command.1.tlog
c:\users\meit\desktop\allinone\abddriver\abddriver\x64\release\abddriver.tlog\cl.items.tlog
c:\users\meit\desktop\allinone\abddriver\abddriver\x64\release\abddriver.tlog\cl.read.1.tlog
c:\users\meit\desktop\allinone\abddriver\abddriver\x64\release\abddriver.tlog\cl.write.1.tlog
c:\users\meit\desktop\allinone\abddriver\abddriver\x64\release\abddriver.tlog\inf2cat-expand.21948.read.1.tlog
c:\users\meit\desktop\allinone\abddriver\abddriver\x64\release\abddriver.tlog\inf2cat-expand.21948.write.1.tlog
c:\users\meit\desktop\allinone\abddriver\abddriver\x64\release\abddriver.tlog\inf2cat-expand.read.1.tlog
c:\users\meit\desktop\allinone\abddriver\abddriver\x64\release\abddriver.tlog\inf2cat-expand.write.1.tlog
c:\users\meit\desktop\allinone\abddriver\abddriver\x64\release\abddriver.tlog\inf2cat.command.1.tlog
c:\users\meit\desktop\allinone\abddriver\abddriver\x64\release\abddriver.tlog\inf2cat.read.1.tlog
c:\users\meit\desktop\allinone\abddriver\abddriver\x64\release\abddriver.tlog\inf2cat.write.1.tlog
c:\users\meit\desktop\allinone\abddriver\abddriver\x64\release\abddriver.tlog\link.command.1.tlog
c:\users\meit\desktop\allinone\abddriver\abddriver\x64\release\abddriver.tlog\link.read.1.tlog
c:\users\meit\desktop\allinone\abddriver\abddriver\x64\release\abddriver.tlog\link.secondary.1.tlog
c:\users\meit\desktop\allinone\abddriver\abddriver\x64\release\abddriver.tlog\link.write.1.tlog
c:\users\meit\desktop\allinone\abddriver\abddriver\x64\release\abddriver.tlog\signtool.command.1.tlog
c:\users\meit\desktop\allinone\abddriver\abddriver\x64\release\abddriver.tlog\signtool.read.1.tlog
c:\users\meit\desktop\allinone\abddriver\abddriver\x64\release\abddriver.tlog\signtool.timestamp.1.tlog
c:\users\meit\desktop\allinone\abddriver\abddriver\x64\release\abddriver.tlog\signtool.write.1.tlog
c:\users\meit\desktop\allinone\abddriver\abddriver\x64\release\abddriver.tlog\stampinf.command.1.tlog
c:\users\meit\desktop\allinone\abddriver\abddriver\x64\release\abddriver.tlog\stampinf.read.1.tlog
c:\users\meit\desktop\allinone\abddriver\abddriver\x64\release\abddriver.tlog\stampinf.write.1.tlog
